TN:
SF:client/src/components/ui/aspect-ratio.tsx
FNF:0
FNH:0
DA:3,0
LF:1
LH:0
BRF:0
BRH:0
end_of_record
TN:
SF:client/src/components/ui/collapsible.tsx
FNF:0
FNH:0
DA:4,0
DA:6,0
DA:8,0
LF:3
LH:0
BRF:0
BRH:0
end_of_record
TN:
SF:client/src/components/widgets/widget-types.ts
FNF:0
FNH:0
DA:29,0
LF:1
LH:0
BRF:0
BRH:0
end_of_record
TN:
SF:client/src/hooks/use-mobile.tsx
FN:5,useIsMobile
FN:8,(anonymous_1)
FN:10,(anonymous_2)
FN:15,(anonymous_3)
FNF:4
FNH:0
FNDA:0,useIsMobile
FNDA:0,(anonymous_1)
FNDA:0,(anonymous_2)
FNDA:0,(anonymous_3)
DA:3,0
DA:6,0
DA:8,0
DA:9,0
DA:10,0
DA:11,0
DA:13,0
DA:14,0
DA:15,0
DA:18,0
LF:10
LH:0
BRF:0
BRH:0
end_of_record
TN:
SF:client/src/hooks/use-toast.ts
FN:27,genId
FN:58,(anonymous_2)
FN:63,(anonymous_3)
FN:74,(anonymous_4)
FN:85,(anonymous_5)
FN:98,(anonymous_6)
FN:105,(anonymous_7)
FN:124,(anonymous_8)
FN:133,dispatch
FN:135,(anonymous_10)
FN:142,toast
FN:145,(anonymous_12)
FN:150,(anonymous_13)
FN:158,(anonymous_14)
FN:171,useToast
FN:174,(anonymous_16)
FN:176,(anonymous_17)
FN:187,(anonymous_18)
FNF:18
FNH:0
FNDA:0,genId
FNDA:0,(anonymous_2)
FNDA:0,(anonymous_3)
FNDA:0,(anonymous_4)
FNDA:0,(anonymous_5)
FNDA:0,(anonymous_6)
FNDA:0,(anonymous_7)
FNDA:0,(anonymous_8)
FNDA:0,dispatch
FNDA:0,(anonymous_10)
FNDA:0,toast
FNDA:0,(anonymous_12)
FNDA:0,(anonymous_13)
FNDA:0,(anonymous_14)
FNDA:0,useToast
FNDA:0,(anonymous_16)
FNDA:0,(anonymous_17)
FNDA:0,(anonymous_18)
DA:8,0
DA:9,0
DA:18,0
DA:25,0
DA:28,0
DA:29,0
DA:56,0
DA:58,0
DA:59,0
DA:60,0
DA:63,0
DA:64,0
DA:65,0
DA:71,0
DA:74,0
DA:75,0
DA:77,0
DA:83,0
DA:86,0
DA:91,0
DA:95,0
DA:96,0
DA:98,0
DA:99,0
DA:103,0
DA:106,0
DA:116,0
DA:117,0
DA:122,0
DA:124,0
DA:129,0
DA:131,0
DA:134,0
DA:135,0
DA:136,0
DA:142,0
DA:143,0
DA:145,0
DA:146,0
DA:150,0
DA:152,0
DA:159,0
DA:164,0
DA:172,0
DA:174,0
DA:175,0
DA:176,0
DA:177,0
DA:178,0
DA:179,0
DA:184,0
DA:187,0
LF:52
LH:0
BRDA:59,0,0,0
BRDA:59,0,1,0
BRDA:75,1,0,0
BRDA:75,1,1,0
BRDA:75,1,2,0
BRDA:75,1,3,0
BRDA:86,2,0,0
BRDA:86,2,1,0
BRDA:95,3,0,0
BRDA:95,3,1,0
BRDA:106,4,0,0
BRDA:106,4,1,0
BRDA:106,5,0,0
BRDA:106,5,1,0
BRDA:116,6,0,0
BRDA:116,6,1,0
BRDA:159,7,0,0
BRDA:159,7,1,0
BRDA:178,8,0,0
BRDA:178,8,1,0
BRF:20
BRH:0
end_of_record
TN:
SF:client/src/hooks/useAuth.ts
FN:5,useAuth
FN:17,(anonymous_8)
FN:17,(anonymous_9)
FNF:3
FNH:0
FNDA:0,useAuth
FNDA:0,(anonymous_8)
FNDA:0,(anonymous_9)
DA:6,0
DA:17,0
DA:18,0
DA:19,0
DA:25,0
DA:27,0
DA:28,0
DA:30,0
DA:31,0
DA:34,0
DA:35,0
DA:36,0
DA:40,0
LF:13
LH:0
BRDA:27,0,0,0
BRDA:27,0,1,0
BRF:2
BRH:0
end_of_record
TN:
SF:client/src/lib/api.ts
FN:6,(anonymous_7)
FN:6,(anonymous_8)
FN:12,(anonymous_9)
FN:12,(anonymous_10)
FN:17,(anonymous_11)
FN:17,(anonymous_12)
FN:22,(anonymous_13)
FN:22,(anonymous_14)
FN:27,(anonymous_15)
FN:27,(anonymous_16)
FN:34,(anonymous_17)
FN:34,(anonymous_18)
FN:40,(anonymous_19)
FN:40,(anonymous_20)
FN:45,(anonymous_21)
FN:45,(anonymous_22)
FN:50,(anonymous_23)
FN:50,(anonymous_24)
FN:55,(anonymous_25)
FN:55,(anonymous_26)
FN:62,(anonymous_27)
FN:62,(anonymous_28)
FN:73,(anonymous_29)
FN:73,(anonymous_30)
FN:78,(anonymous_31)
FN:78,(anonymous_32)
FN:83,(anonymous_33)
FN:83,(anonymous_34)
FN:91,(anonymous_35)
FN:96,(anonymous_36)
FN:101,(anonymous_37)
FN:101,(anonymous_38)
FN:106,(anonymous_39)
FN:106,(anonymous_40)
FNF:34
FNH:0
FNDA:0,(anonymous_7)
FNDA:0,(anonymous_8)
FNDA:0,(anonymous_9)
FNDA:0,(anonymous_10)
FNDA:0,(anonymous_11)
FNDA:0,(anonymous_12)
FNDA:0,(anonymous_13)
FNDA:0,(anonymous_14)
FNDA:0,(anonymous_15)
FNDA:0,(anonymous_16)
FNDA:0,(anonymous_17)
FNDA:0,(anonymous_18)
FNDA:0,(anonymous_19)
FNDA:0,(anonymous_20)
FNDA:0,(anonymous_21)
FNDA:0,(anonymous_22)
FNDA:0,(anonymous_23)
FNDA:0,(anonymous_24)
FNDA:0,(anonymous_25)
FNDA:0,(anonymous_26)
FNDA:0,(anonymous_27)
FNDA:0,(anonymous_28)
FNDA:0,(anonymous_29)
FNDA:0,(anonymous_30)
FNDA:0,(anonymous_31)
FNDA:0,(anonymous_32)
FNDA:0,(anonymous_33)
FNDA:0,(anonymous_34)
FNDA:0,(anonymous_35)
FNDA:0,(anonymous_36)
FNDA:0,(anonymous_37)
FNDA:0,(anonymous_38)
FNDA:0,(anonymous_39)
FNDA:0,(anonymous_40)
DA:5,0
DA:6,0
DA:7,0
DA:8,0
DA:9,0
DA:12,0
DA:13,0
DA:14,0
DA:17,0
DA:18,0
DA:19,0
DA:22,0
DA:23,0
DA:24,0
DA:27,0
DA:28,0
DA:33,0
DA:34,0
DA:35,0
DA:36,0
DA:37,0
DA:40,0
DA:41,0
DA:42,0
DA:45,0
DA:46,0
DA:47,0
DA:50,0
DA:51,0
DA:52,0
DA:55,0
DA:56,0
DA:61,0
DA:62,0
DA:63,0
DA:64,0
DA:65,0
DA:66,0
DA:67,0
DA:69,0
DA:70,0
DA:73,0
DA:74,0
DA:75,0
DA:78,0
DA:79,0
DA:80,0
DA:83,0
DA:84,0
DA:85,0
DA:90,0
DA:96,0
DA:97,0
DA:98,0
DA:101,0
DA:102,0
DA:103,0
DA:106,0
DA:107,0
DA:108,0
DA:109,0
LF:61
LH:0
BRDA:7,0,0,0
BRDA:7,0,1,0
BRDA:35,1,0,0
BRDA:35,1,1,0
BRDA:65,2,0,0
BRDA:65,2,1,0
BRDA:66,3,0,0
BRDA:66,3,1,0
BRDA:67,4,0,0
BRDA:67,4,1,0
BRDA:107,5,0,0
BRDA:107,5,1,0
BRF:12
BRH:0
end_of_record
TN:
SF:client/src/lib/auth-helper.ts
FN:2,checkAuthStatus
FNF:1
FNH:0
FNDA:0,checkAuthStatus
DA:3,0
DA:4,0
DA:7,0
DA:9,0
DA:10,0
LF:5
LH:0
BRF:0
BRH:0
end_of_record
TN:
SF:client/src/lib/authUtils.ts
FN:1,isUnauthorizedError
FN:5,hasRole
FN:9,canAccessMerchants
FN:13,canAccessAgents
FN:17,canAccessTransactions
FN:21,canAccessAnalytics
FN:25,canManageMerchants
FN:29,canManageAgents
FN:33,canManageTransactions
FN:37,canManageUsers
FNF:10
FNH:0
FNDA:0,isUnauthorizedError
FNDA:0,hasRole
FNDA:0,canAccessMerchants
FNDA:0,canAccessAgents
FNDA:0,canAccessTransactions
FNDA:0,canAccessAnalytics
FNDA:0,canManageMerchants
FNDA:0,canManageAgents
FNDA:0,canManageTransactions
FNDA:0,canManageUsers
DA:2,0
DA:6,0
DA:10,0
DA:14,0
DA:18,0
DA:22,0
DA:26,0
DA:30,0
DA:34,0
DA:38,0
LF:10
LH:0
BRDA:6,0,0,0
BRDA:6,0,1,0
BRF:2
BRH:0
end_of_record
TN:
SF:client/src/lib/queryClient.ts
FN:3,throwIfResNotOk
FN:10,apiRequest
FN:30,(anonymous_11)
FN:31,(anonymous_12)
FN:31,(anonymous_13)
FNF:5
FNH:0
FNDA:0,throwIfResNotOk
FNDA:0,apiRequest
FNDA:0,(anonymous_11)
FNDA:0,(anonymous_12)
FNDA:0,(anonymous_13)
DA:4,0
DA:5,0
DA:6,0
DA:15,0
DA:22,0
DA:23,0
DA:30,0
DA:31,0
DA:32,0
DA:37,0
DA:38,0
DA:41,0
DA:42,0
DA:45,0
LF:14
LH:0
BRDA:4,0,0,0
BRDA:4,0,1,0
BRDA:5,1,0,0
BRDA:5,1,1,0
BRDA:17,2,0,0
BRDA:17,2,1,0
BRDA:18,3,0,0
BRDA:18,3,1,0
BRDA:37,4,0,0
BRDA:37,4,1,0
BRDA:37,5,0,0
BRDA:37,5,1,0
BRF:12
BRH:0
end_of_record
TN:
SF:client/src/lib/rbac.ts
FN:131,hasPermission
FN:140,hasAnyPermission
FN:141,(anonymous_2)
FN:144,hasAllPermissions
FN:145,(anonymous_4)
FN:149,hasRole
FN:154,hasAnyRole
FN:160,canAccessUserManagement
FN:168,canAccessMerchantManagement
FN:176,canAccessAgentManagement
FN:184,canAccessTransactionManagement
FN:192,canAccessLocationManagement
FN:200,canAccessAnalytics
FN:204,canAccessReports
FN:208,canAccessSystemAdmin
FN:215,canAccessSecurityDashboard
FN:223,shouldFilterByUser
FN:230,getUserDataScope
FNF:18
FNH:0
FNDA:0,hasPermission
FNDA:0,hasAnyPermission
FNDA:0,(anonymous_2)
FNDA:0,hasAllPermissions
FNDA:0,(anonymous_4)
FNDA:0,hasRole
FNDA:0,hasAnyRole
FNDA:0,canAccessUserManagement
FNDA:0,canAccessMerchantManagement
FNDA:0,canAccessAgentManagement
FNDA:0,canAccessTransactionManagement
FNDA:0,canAccessLocationManagement
FNDA:0,canAccessAnalytics
FNDA:0,canAccessReports
FNDA:0,canAccessSystemAdmin
FNDA:0,canAccessSecurityDashboard
FNDA:0,shouldFilterByUser
FNDA:0,getUserDataScope
DA:4,0
DA:15,0
DA:66,0
DA:132,0
DA:134,0
DA:135,0
DA:137,0
DA:141,0
DA:145,0
DA:150,0
DA:151,0
DA:155,0
DA:156,0
DA:161,0
DA:169,0
DA:177,0
DA:185,0
DA:193,0
DA:201,0
DA:205,0
DA:209,0
DA:216,0
DA:224,0
DA:227,0
DA:231,0
DA:233,0
DA:234,0
DA:237,0
DA:238,0
DA:241,0
LF:30
LH:0
BRDA:132,0,0,0
BRDA:132,0,1,0
BRDA:132,1,0,0
BRDA:132,1,1,0
BRDA:135,2,0,0
BRDA:135,2,1,0
BRDA:150,3,0,0
BRDA:150,3,1,0
BRDA:150,4,0,0
BRDA:150,4,1,0
BRDA:155,5,0,0
BRDA:155,5,1,0
BRDA:155,6,0,0
BRDA:155,6,1,0
BRDA:224,7,0,0
BRDA:224,7,1,0
BRDA:231,8,0,0
BRDA:231,8,1,0
BRDA:233,9,0,0
BRDA:233,9,1,0
BRDA:237,10,0,0
BRDA:237,10,1,0
BRF:22
BRH:0
end_of_record
TN:
SF:client/src/lib/timezone.ts
FN:6,getUserTimezone
FN:18,formatDateInUserTimezone
FN:38,getTimezoneAbbreviation
FN:48,(anonymous_3)
FN:58,convertToUserTimezone
FNF:5
FNH:0
FNDA:0,getUserTimezone
FNDA:0,formatDateInUserTimezone
FNDA:0,getTimezoneAbbreviation
FNDA:0,(anonymous_3)
FNDA:0,convertToUserTimezone
DA:7,0
DA:8,0
DA:10,0
DA:11,0
DA:23,0
DA:25,0
DA:26,0
DA:27,0
DA:28,0
DA:30,0
DA:31,0
DA:39,0
DA:40,0
DA:41,0
DA:42,0
DA:47,0
DA:48,0
DA:49,0
DA:51,0
DA:59,0
DA:61,0
DA:62,0
DA:64,0
DA:66,0
DA:67,0
LF:25
LH:0
BRDA:20,0,0,0
BRDA:23,1,0,0
BRDA:23,1,1,0
BRDA:26,2,0,0
BRDA:26,2,1,0
BRDA:27,3,0,0
BRDA:27,3,1,0
BRDA:31,4,0,0
BRDA:31,4,1,0
BRDA:40,5,0,0
BRDA:40,5,1,0
BRDA:49,6,0,0
BRDA:49,6,1,0
BRDA:49,7,0,0
BRDA:49,7,1,0
BRDA:49,8,0,0
BRDA:49,8,1,0
BRDA:51,9,0,0
BRDA:51,9,1,0
BRDA:59,10,0,0
BRDA:59,10,1,0
BRDA:62,11,0,0
BRDA:62,11,1,0
BRF:23
BRH:0
end_of_record
TN:
SF:client/src/lib/utils.ts
FN:4,cn
FNF:1
FNH:0
FNDA:0,cn
DA:5,0
LF:1
LH:0
BRF:0
BRH:0
end_of_record
TN:
SF:server/apiAuth.ts
FN:18,(anonymous_7)
FN:22,(anonymous_8)
FN:123,(anonymous_9)
FN:124,(anonymous_10)
FN:152,(anonymous_11)
FN:156,(anonymous_12)
FN:163,(anonymous_13)
FN:169,(anonymous_14)
FN:169,(anonymous_15)
FN:197,(anonymous_16)
FN:197,(anonymous_17)
FNF:11
FNH:0
FNDA:0,(anonymous_7)
FNDA:0,(anonymous_8)
FNDA:0,(anonymous_9)
FNDA:0,(anonymous_10)
FNDA:0,(anonymous_11)
FNDA:0,(anonymous_12)
FNDA:0,(anonymous_13)
FNDA:0,(anonymous_14)
FNDA:0,(anonymous_15)
FNDA:0,(anonymous_16)
FNDA:0,(anonymous_17)
DA:13,0
DA:18,0
DA:22,0
DA:23,0
DA:25,0
DA:26,0
DA:27,0
DA:31,0
DA:34,0
DA:37,0
DA:38,0
DA:39,0
DA:43,0
DA:47,0
DA:48,0
DA:49,0
DA:53,0
DA:57,0
DA:58,0
DA:62,0
DA:66,0
DA:67,0
DA:71,0
DA:75,0
DA:76,0
DA:77,0
DA:81,0
DA:85,0
DA:86,0
DA:88,0
DA:89,0
DA:94,0
DA:98,0
DA:104,0
DA:107,0
DA:108,0
DA:110,0
DA:112,0
DA:113,0
DA:123,0
DA:124,0
DA:125,0
DA:126,0
DA:130,0
DA:133,0
DA:135,0
DA:136,0
DA:142,0
DA:145,0
DA:152,0
DA:156,0
DA:157,0
DA:160,0
DA:161,0
DA:163,0
DA:164,0
DA:165,0
DA:169,0
DA:170,0
DA:171,0
DA:172,0
DA:174,0
DA:187,0
DA:191,0
DA:197,0
DA:199,0
DA:202,0
DA:205,0
DA:207,0
DA:217,0
LF:70
LH:0
BRDA:26,0,0,0
BRDA:26,0,1,0
BRDA:26,1,0,0
BRDA:26,1,1,0
BRDA:38,2,0,0
BRDA:38,2,1,0
BRDA:38,3,0,0
BRDA:38,3,1,0
BRDA:48,4,0,0
BRDA:48,4,1,0
BRDA:57,5,0,0
BRDA:57,5,1,0
BRDA:66,6,0,0
BRDA:66,6,1,0
BRDA:66,7,0,0
BRDA:66,7,1,0
BRDA:76,8,0,0
BRDA:76,8,1,0
BRDA:86,9,0,0
BRDA:86,9,1,0
BRDA:88,10,0,0
BRDA:88,10,1,0
BRDA:88,11,0,0
BRDA:88,11,1,0
BRDA:125,12,0,0
BRDA:125,12,1,0
BRDA:133,13,0,0
BRDA:133,13,1,0
BRDA:135,14,0,0
BRDA:135,14,1,0
BRDA:135,15,0,0
BRDA:135,15,1,0
BRDA:172,16,0,0
BRDA:172,16,1,0
BRDA:175,17,0,0
BRDA:175,17,1,0
BRDA:180,18,0,0
BRDA:180,18,1,0
BRDA:181,19,0,0
BRDA:181,19,1,0
BRDA:181,19,2,0
BRDA:184,20,0,0
BRDA:184,20,1,0
BRF:43
BRH:0
end_of_record
TN:
SF:server/auditService.ts
FN:20,(anonymous_7)
FN:26,(anonymous_8)
FN:89,(anonymous_10)
FN:90,(anonymous_11)
FN:128,(anonymous_12)
FN:161,(anonymous_14)
FN:162,(anonymous_15)
FN:162,(anonymous_16)
FN:172,(anonymous_17)
FN:223,(anonymous_18)
FN:243,(anonymous_19)
FN:254,(anonymous_20)
FN:297,(anonymous_22)
FN:303,(anonymous_23)
FN:310,(anonymous_24)
FN:328,(anonymous_25)
FNF:16
FNH:0
FNDA:0,(anonymous_7)
FNDA:0,(anonymous_8)
FNDA:0,(anonymous_10)
FNDA:0,(anonymous_11)
FNDA:0,(anonymous_12)
FNDA:0,(anonymous_14)
FNDA:0,(anonymous_15)
FNDA:0,(anonymous_16)
FNDA:0,(anonymous_17)
FNDA:0,(anonymous_18)
FNDA:0,(anonymous_19)
FNDA:0,(anonymous_20)
FNDA:0,(anonymous_22)
FNDA:0,(anonymous_23)
FNDA:0,(anonymous_24)
FNDA:0,(anonymous_25)
DA:21,0
DA:41,0
DA:42,0
DA:74,0
DA:77,0
DA:79,0
DA:81,0
DA:82,0
DA:90,0
DA:104,0
DA:105,0
DA:119,0
DA:121,0
DA:140,0
DA:141,0
DA:152,0
DA:154,0
DA:162,0
DA:165,0
DA:173,0
DA:174,0
DA:177,0
DA:178,0
DA:181,0
DA:183,0
DA:184,0
DA:186,0
DA:187,0
DA:190,0
DA:191,0
DA:193,0
DA:194,0
DA:198,0
DA:199,0
DA:200,0
DA:201,0
DA:204,0
DA:205,0
DA:206,0
DA:207,0
DA:210,0
DA:211,0
DA:212,0
DA:217,0
DA:225,0
DA:226,0
DA:227,0
DA:230,0
DA:231,0
DA:232,0
DA:235,0
DA:237,0
DA:244,0
DA:245,0
DA:246,0
DA:247,0
DA:248,0
DA:262,0
DA:263,0
DA:270,0
DA:271,0
DA:278,0
DA:279,0
DA:286,0
DA:287,0
DA:298,0
DA:300,0
DA:301,0
DA:303,0
DA:304,0
DA:306,0
DA:308,0
DA:309,0
DA:310,0
DA:311,0
DA:312,0
DA:313,0
DA:315,0
DA:319,0
DA:322,0
DA:329,0
DA:339,0
LF:82
LH:0
BRDA:43,0,0,0
BRDA:43,0,1,0
BRDA:44,1,0,0
BRDA:44,1,1,0
BRDA:45,2,0,0
BRDA:45,2,1,0
BRDA:46,3,0,0
BRDA:46,3,1,0
BRDA:47,4,0,0
BRDA:47,4,1,0
BRDA:51,5,0,0
BRDA:51,5,1,0
BRDA:51,6,0,0
BRDA:51,6,1,0
BRDA:51,7,0,0
BRDA:51,7,1,0
BRDA:53,8,0,0
BRDA:53,8,1,0
BRDA:54,9,0,0
BRDA:54,9,1,0
BRDA:55,10,0,0
BRDA:55,10,1,0
BRDA:58,11,0,0
BRDA:58,11,1,0
BRDA:59,12,0,0
BRDA:59,12,1,0
BRDA:61,13,0,0
BRDA:61,13,1,0
BRDA:61,14,0,0
BRDA:61,14,1,0
BRDA:61,15,0,0
BRDA:61,15,1,0
BRDA:62,16,0,0
BRDA:62,16,1,0
BRDA:62,17,0,0
BRDA:62,17,1,0
BRDA:62,18,0,0
BRDA:62,18,1,0
BRDA:64,19,0,0
BRDA:64,19,1,0
BRDA:64,20,0,0
BRDA:64,20,1,0
BRDA:64,21,0,0
BRDA:64,21,1,0
BRDA:65,22,0,0
BRDA:65,22,1,0
BRDA:65,23,0,0
BRDA:65,23,1,0
BRDA:65,24,0,0
BRDA:65,24,1,0
BRDA:66,25,0,0
BRDA:66,25,1,0
BRDA:66,26,0,0
BRDA:66,26,1,0
BRDA:66,27,0,0
BRDA:66,27,1,0
BRDA:68,28,0,0
BRDA:68,28,1,0
BRDA:69,29,0,0
BRDA:69,29,1,0
BRDA:70,30,0,0
BRDA:70,30,1,0
BRDA:70,31,0,0
BRDA:70,31,1,0
BRDA:70,32,0,0
BRDA:70,32,1,0
BRDA:71,33,0,0
BRDA:71,33,1,0
BRDA:71,34,0,0
BRDA:71,34,1,0
BRDA:71,35,0,0
BRDA:71,35,1,0
BRDA:94,36,0,0
BRDA:106,37,0,0
BRDA:106,37,1,0
BRDA:110,38,0,0
BRDA:110,38,1,0
BRDA:111,39,0,0
BRDA:111,39,1,0
BRDA:113,40,0,0
BRDA:113,40,1,0
BRDA:114,41,0,0
BRDA:114,41,1,0
BRDA:115,42,0,0
BRDA:115,42,1,0
BRDA:116,43,0,0
BRDA:116,43,1,0
BRDA:145,44,0,0
BRDA:145,44,1,0
BRDA:145,45,0,0
BRDA:145,45,1,0
BRDA:145,46,0,0
BRDA:145,46,1,0
BRDA:146,47,0,0
BRDA:146,47,1,0
BRDA:146,48,0,0
BRDA:146,48,1,0
BRDA:146,49,0,0
BRDA:146,49,1,0
BRDA:147,50,0,0
BRDA:147,50,1,0
BRDA:147,51,0,0
BRDA:147,51,1,0
BRDA:147,52,0,0
BRDA:147,52,1,0
BRDA:148,53,0,0
BRDA:148,53,1,0
BRDA:148,54,0,0
BRDA:148,54,1,0
BRDA:148,55,0,0
BRDA:148,55,1,0
BRDA:149,56,0,0
BRDA:149,56,1,0
BRDA:149,57,0,0
BRDA:149,57,1,0
BRDA:149,58,0,0
BRDA:149,58,1,0
BRDA:181,59,0,0
BRDA:181,59,1,0
BRDA:181,59,2,0
BRDA:181,59,3,0
BRDA:181,59,4,0
BRDA:198,60,0,0
BRDA:198,60,1,0
BRDA:200,61,0,0
BRDA:200,61,1,0
BRDA:204,62,0,0
BRDA:204,62,1,0
BRDA:205,63,0,0
BRDA:205,63,1,0
BRDA:206,64,0,0
BRDA:206,64,1,0
BRDA:210,65,0,0
BRDA:210,65,1,0
BRDA:211,66,0,0
BRDA:211,66,1,0
BRDA:225,67,0,0
BRDA:225,67,1,0
BRDA:225,68,0,0
BRDA:225,68,1,0
BRDA:226,69,0,0
BRDA:226,69,1,0
BRDA:226,70,0,0
BRDA:226,70,1,0
BRDA:227,71,0,0
BRDA:227,71,1,0
BRDA:227,72,0,0
BRDA:227,72,1,0
BRDA:230,73,0,0
BRDA:230,73,1,0
BRDA:231,74,0,0
BRDA:231,74,1,0
BRDA:232,75,0,0
BRDA:232,75,1,0
BRDA:232,76,0,0
BRDA:232,76,1,0
BRDA:235,77,0,0
BRDA:235,77,1,0
BRDA:235,78,0,0
BRDA:235,78,1,0
BRDA:235,78,2,0
BRDA:244,79,0,0
BRDA:244,79,1,0
BRDA:244,80,0,0
BRDA:244,80,1,0
BRDA:245,81,0,0
BRDA:245,81,1,0
BRDA:246,82,0,0
BRDA:246,82,1,0
BRDA:246,83,0,0
BRDA:246,83,1,0
BRDA:247,84,0,0
BRDA:247,84,1,0
BRDA:262,85,0,0
BRDA:262,85,1,0
BRDA:262,86,0,0
BRDA:262,86,1,0
BRDA:270,87,0,0
BRDA:270,87,1,0
BRDA:270,88,0,0
BRDA:270,88,1,0
BRDA:278,89,0,0
BRDA:278,89,1,0
BRDA:278,90,0,0
BRDA:278,90,1,0
BRDA:278,91,0,0
BRDA:278,91,1,0
BRDA:278,92,0,0
BRDA:278,92,1,0
BRDA:278,93,0,0
BRDA:278,93,1,0
BRDA:278,94,0,0
BRDA:278,94,1,0
BRDA:286,95,0,0
BRDA:286,95,1,0
BRDA:286,96,0,0
BRDA:286,96,1,0
BRDA:298,97,0,0
BRDA:298,97,1,0
BRDA:304,98,0,0
BRDA:304,98,1,0
BRDA:304,99,0,0
BRDA:304,99,1,0
BRDA:306,100,0,0
BRDA:306,100,1,0
BRDA:310,101,0,0
BRDA:310,101,1,0
BRDA:312,102,0,0
BRDA:312,102,1,0
BRDA:312,103,0,0
BRDA:312,103,1,0
BRDA:330,104,0,0
BRDA:330,104,1,0
BRDA:330,104,2,0
BRDA:330,104,3,0
BRDA:330,104,4,0
BRDA:330,105,0,0
BRDA:330,105,1,0
BRDA:330,106,0,0
BRDA:330,106,1,0
BRDA:331,107,0,0
BRDA:331,107,1,0
BRDA:331,108,0,0
BRDA:331,108,1,0
BRDA:332,109,0,0
BRDA:332,109,1,0
BRDA:332,110,0,0
BRDA:332,110,1,0
BRF:228
BRH:0
end_of_record
TN:
SF:server/auth.ts
FN:30,(anonymous_7)
FN:35,(anonymous_9)
FN:40,(anonymous_11)
FN:45,(anonymous_12)
FN:50,(anonymous_13)
FN:60,(anonymous_14)
FN:65,(anonymous_16)
FN:71,(anonymous_18)
FN:89,(anonymous_20)
FN:121,(anonymous_22)
FN:180,(anonymous_24)
FN:312,(anonymous_26)
FN:363,(anonymous_28)
FN:408,(anonymous_30)
FN:437,(anonymous_32)
FN:466,(anonymous_34)
FNF:16
FNH:0
FNDA:0,(anonymous_7)
FNDA:0,(anonymous_9)
FNDA:0,(anonymous_11)
FNDA:0,(anonymous_12)
FNDA:0,(anonymous_13)
FNDA:0,(anonymous_14)
FNDA:0,(anonymous_16)
FNDA:0,(anonymous_18)
FNDA:0,(anonymous_20)
FNDA:0,(anonymous_22)
FNDA:0,(anonymous_24)
FNDA:0,(anonymous_26)
FNDA:0,(anonymous_28)
FNDA:0,(anonymous_30)
FNDA:0,(anonymous_32)
FNDA:0,(anonymous_34)
DA:17,0
DA:18,0
DA:19,0
DA:20,0
DA:21,0
DA:24,0
DA:25,0
DA:31,0
DA:36,0
DA:41,0
DA:46,0
DA:51,0
DA:61,0
DA:66,0
DA:67,0
DA:78,0
DA:90,0
DA:91,0
DA:92,0
DA:95,0
DA:96,0
DA:97,0
DA:98,0
DA:99,0
DA:102,0
DA:109,0
DA:110,0
DA:112,0
DA:113,0
DA:114,0
DA:122,0
DA:124,0
DA:125,0
DA:126,0
DA:133,0
DA:136,0
DA:139,0
DA:152,0
DA:165,0
DA:171,0
DA:172,0
DA:187,0
DA:188,0
DA:190,0
DA:192,0
DA:193,0
DA:194,0
DA:201,0
DA:202,0
DA:203,0
DA:205,0
DA:206,0
DA:207,0
DA:214,0
DA:215,0
DA:216,0
DA:223,0
DA:224,0
DA:225,0
DA:232,0
DA:233,0
DA:234,0
DA:236,0
DA:237,0
DA:239,0
DA:247,0
DA:259,0
DA:268,0
DA:269,0
DA:270,0
DA:271,0
DA:280,0
DA:286,0
DA:287,0
DA:290,0
DA:293,0
DA:295,0
DA:302,0
DA:303,0
DA:304,0
DA:313,0
DA:314,0
DA:315,0
DA:317,0
DA:324,0
DA:325,0
DA:328,0
DA:334,0
DA:349,0
DA:354,0
DA:355,0
DA:364,0
DA:365,0
DA:366,0
DA:367,0
DA:374,0
DA:377,0
DA:384,0
DA:394,0
DA:399,0
DA:400,0
DA:409,0
DA:410,0
DA:411,0
DA:412,0
DA:418,0
DA:423,0
DA:428,0
DA:429,0
DA:438,0
DA:439,0
DA:440,0
DA:441,0
DA:444,0
DA:449,0
DA:454,0
DA:460,0
DA:461,0
DA:467,0
DA:468,0
DA:473,0
DA:475,0
DA:476,0
DA:481,0
LF:124
LH:0
BRDA:24,0,0,0
BRDA:24,0,1,0
BRDA:52,1,0,0
BRDA:52,1,1,0
BRDA:52,1,2,0
BRDA:52,1,3,0
BRDA:52,2,0,0
BRDA:52,2,1,0
BRDA:52,3,0,0
BRDA:52,3,1,0
BRDA:61,4,0,0
BRDA:61,4,1,0
BRDA:79,5,0,0
BRDA:79,5,1,0
BRDA:80,6,0,0
BRDA:80,6,1,0
BRDA:90,7,0,0
BRDA:90,7,1,0
BRDA:96,8,0,0
BRDA:96,8,1,0
BRDA:97,9,0,0
BRDA:97,9,1,0
BRDA:113,10,0,0
BRDA:113,10,1,0
BRDA:113,11,0,0
BRDA:113,11,1,0
BRDA:113,12,0,0
BRDA:113,12,1,0
BRDA:113,13,0,0
BRDA:113,13,1,0
BRDA:113,14,0,0
BRDA:113,14,1,0
BRDA:125,15,0,0
BRDA:125,15,1,0
BRDA:128,16,0,0
BRDA:128,16,1,0
BRDA:146,17,0,0
BRDA:146,17,1,0
BRDA:158,18,0,0
BRDA:158,18,1,0
BRDA:188,19,0,0
BRDA:188,19,1,0
BRDA:192,20,0,0
BRDA:192,20,1,0
BRDA:202,21,0,0
BRDA:202,21,1,0
BRDA:205,22,0,0
BRDA:205,22,1,0
BRDA:214,23,0,0
BRDA:214,23,1,0
BRDA:223,24,0,0
BRDA:223,24,1,0
BRDA:233,25,0,0
BRDA:233,25,1,0
BRDA:233,26,0,0
BRDA:233,26,1,0
BRDA:234,27,0,0
BRDA:234,27,1,0
BRDA:237,28,0,0
BRDA:237,28,1,0
BRDA:249,29,0,0
BRDA:249,29,1,0
BRDA:252,30,0,0
BRDA:252,30,1,0
BRDA:262,31,0,0
BRDA:262,31,1,0
BRDA:269,32,0,0
BRDA:269,32,1,0
BRDA:286,33,0,0
BRDA:286,33,1,0
BRDA:315,34,0,0
BRDA:315,34,1,0
BRDA:341,35,0,0
BRDA:341,35,1,0
BRDA:366,36,0,0
BRDA:366,36,1,0
BRDA:366,37,0,0
BRDA:366,37,1,0
BRDA:366,37,2,0
BRDA:411,38,0,0
BRDA:411,38,1,0
BRDA:440,39,0,0
BRDA:440,39,1,0
BRF:83
BRH:0
end_of_record
TN:
SF:server/authRoutes.ts
FN:19,setupAuthRoutes
FN:21,(anonymous_8)
FN:21,(anonymous_9)
FN:28,(anonymous_10)
FN:37,(anonymous_11)
FN:37,(anonymous_12)
FN:67,(anonymous_13)
FN:67,(anonymous_14)
FN:78,(anonymous_15)
FN:98,(anonymous_16)
FN:99,(anonymous_17)
FN:110,(anonymous_18)
FN:115,(anonymous_19)
FN:115,(anonymous_20)
FN:130,(anonymous_21)
FN:130,(anonymous_22)
FN:150,(anonymous_23)
FN:150,(anonymous_24)
FN:174,(anonymous_25)
FN:174,(anonymous_26)
FN:187,(anonymous_27)
FN:187,(anonymous_28)
FN:201,(anonymous_29)
FN:201,(anonymous_30)
FN:215,(anonymous_31)
FN:215,(anonymous_32)
FN:234,(anonymous_33)
FN:234,(anonymous_34)
FNF:28
FNH:0
FNDA:0,setupAuthRoutes
FNDA:0,(anonymous_8)
FNDA:0,(anonymous_9)
FNDA:0,(anonymous_10)
FNDA:0,(anonymous_11)
FNDA:0,(anonymous_12)
FNDA:0,(anonymous_13)
FNDA:0,(anonymous_14)
FNDA:0,(anonymous_15)
FNDA:0,(anonymous_16)
FNDA:0,(anonymous_17)
FNDA:0,(anonymous_18)
FNDA:0,(anonymous_19)
FNDA:0,(anonymous_20)
FNDA:0,(anonymous_21)
FNDA:0,(anonymous_22)
FNDA:0,(anonymous_23)
FNDA:0,(anonymous_24)
FNDA:0,(anonymous_25)
FNDA:0,(anonymous_26)
FNDA:0,(anonymous_27)
FNDA:0,(anonymous_28)
FNDA:0,(anonymous_29)
FNDA:0,(anonymous_30)
FNDA:0,(anonymous_31)
FNDA:0,(anonymous_32)
FNDA:0,(anonymous_33)
FNDA:0,(anonymous_34)
DA:21,0
DA:22,0
DA:23,0
DA:26,0
DA:27,0
DA:28,0
DA:29,0
DA:32,0
DA:33,0
DA:37,0
DA:38,0
DA:39,0
DA:40,0
DA:41,0
DA:42,0
DA:44,0
DA:45,0
DA:47,0
DA:50,0
DA:51,0
DA:52,0
DA:58,0
DA:67,0
DA:68,0
DA:69,0
DA:70,0
DA:72,0
DA:74,0
DA:75,0
DA:78,0
DA:79,0
DA:80,0
DA:81,0
DA:83,0
DA:86,0
DA:89,0
DA:90,0
DA:98,0
DA:99,0
DA:100,0
DA:101,0
DA:102,0
DA:104,0
DA:105,0
DA:110,0
DA:111,0
DA:115,0
DA:116,0
DA:117,0
DA:118,0
DA:119,0
DA:121,0
DA:122,0
DA:130,0
DA:131,0
DA:132,0
DA:133,0
DA:135,0
DA:136,0
DA:138,0
DA:141,0
DA:142,0
DA:150,0
DA:151,0
DA:152,0
DA:153,0
DA:154,0
DA:160,0
DA:162,0
DA:163,0
DA:165,0
DA:168,0
DA:169,0
DA:174,0
DA:175,0
DA:176,0
DA:177,0
DA:179,0
DA:187,0
DA:188,0
DA:189,0
DA:190,0
DA:192,0
DA:193,0
DA:201,0
DA:202,0
DA:203,0
DA:204,0
DA:206,0
DA:207,0
DA:215,0
DA:216,0
DA:217,0
DA:218,0
DA:219,0
DA:222,0
DA:223,0
DA:228,0
DA:229,0
DA:234,0
DA:235,0
DA:236,0
DA:237,0
DA:238,0
DA:241,0
DA:242,0
DA:247,0
DA:248,0
LF:108
LH:0
BRDA:22,0,0,0
BRDA:22,0,1,0
BRDA:22,1,0,0
BRDA:22,1,1,0
BRDA:22,2,0,0
BRDA:22,2,1,0
BRDA:27,3,0,0
BRDA:27,3,1,0
BRDA:27,4,0,0
BRDA:27,4,1,0
BRDA:44,5,0,0
BRDA:44,5,1,0
BRDA:51,6,0,0
BRDA:51,6,1,0
BRDA:51,7,0,0
BRDA:51,7,1,0
BRDA:51,8,0,0
BRDA:51,8,1,0
BRDA:72,9,0,0
BRDA:72,9,1,0
BRDA:72,10,0,0
BRDA:72,10,1,0
BRDA:75,11,0,0
BRDA:75,11,1,0
BRDA:79,12,0,0
BRDA:79,12,1,0
BRDA:100,13,0,0
BRDA:100,13,1,0
BRDA:135,14,0,0
BRDA:135,14,1,0
BRDA:153,15,0,0
BRDA:153,15,1,0
BRDA:153,16,0,0
BRDA:153,16,1,0
BRDA:162,17,0,0
BRDA:162,17,1,0
BRDA:218,18,0,0
BRDA:218,18,1,0
BRDA:225,19,0,0
BRDA:225,19,1,0
BRDA:237,20,0,0
BRDA:237,20,1,0
BRDA:244,21,0,0
BRDA:244,21,1,0
BRF:44
BRH:0
end_of_record
TN:
SF:server/db.ts
FN:14,(anonymous_7)
FN:62,(anonymous_8)
FN:93,(anonymous_9)
FN:115,(anonymous_10)
FN:115,(anonymous_11)
FN:120,(anonymous_12)
FN:120,(anonymous_13)
FN:129,(anonymous_14)
FN:130,(anonymous_15)
FN:133,(anonymous_16)
FN:133,(anonymous_17)
FN:138,(anonymous_18)
FN:138,(anonymous_19)
FNF:13
FNH:0
FNDA:0,(anonymous_7)
FNDA:0,(anonymous_8)
FNDA:0,(anonymous_9)
FNDA:0,(anonymous_10)
FNDA:0,(anonymous_11)
FNDA:0,(anonymous_12)
FNDA:0,(anonymous_13)
FNDA:0,(anonymous_14)
FNDA:0,(anonymous_15)
FNDA:0,(anonymous_16)
FNDA:0,(anonymous_17)
FNDA:0,(anonymous_18)
FNDA:0,(anonymous_19)
DA:7,0
DA:10,0
DA:11,0
DA:14,0
DA:16,0
DA:17,0
DA:19,0
DA:20,0
DA:22,0
DA:23,0
DA:27,0
DA:28,0
DA:30,0
DA:31,0
DA:33,0
DA:37,0
DA:39,0
DA:40,0
DA:45,0
DA:48,0
DA:57,0
DA:60,0
DA:62,0
DA:63,0
DA:66,0
DA:67,0
DA:71,0
DA:72,0
DA:73,0
DA:74,0
DA:77,0
DA:86,0
DA:87,0
DA:89,0
DA:93,0
DA:95,0
DA:96,0
DA:100,0
DA:101,0
DA:105,0
DA:106,0
DA:107,0
DA:108,0
DA:111,0
DA:115,0
DA:116,0
DA:117,0
DA:118,0
DA:120,0
DA:122,0
DA:124,0
DA:126,0
DA:129,0
DA:130,0
DA:133,0
DA:134,0
DA:135,0
DA:138,0
DA:139,0
DA:140,0
LF:60
LH:0
BRDA:16,0,0,0
BRDA:16,0,1,0
BRDA:17,1,0,0
BRDA:17,1,1,0
BRDA:19,2,0,0
BRDA:19,2,1,0
BRDA:19,3,0,0
BRDA:19,3,1,0
BRDA:20,4,0,0
BRDA:20,4,1,0
BRDA:22,5,0,0
BRDA:22,5,1,0
BRDA:22,6,0,0
BRDA:22,6,1,0
BRDA:27,7,0,0
BRDA:27,7,1,0
BRDA:28,8,0,0
BRDA:28,8,1,0
BRDA:30,9,0,0
BRDA:30,9,1,0
BRDA:31,10,0,0
BRDA:31,10,1,0
BRDA:39,11,0,0
BRDA:39,11,1,0
BRDA:45,12,0,0
BRDA:45,12,1,0
BRDA:63,13,0,0
BRDA:63,13,1,0
BRDA:66,14,0,0
BRDA:66,14,1,0
BRDA:72,15,0,0
BRDA:72,15,1,0
BRDA:95,16,0,0
BRDA:95,16,1,0
BRDA:95,17,0,0
BRDA:95,17,1,0
BRDA:95,18,0,0
BRDA:95,18,1,0
BRDA:100,19,0,0
BRDA:100,19,1,0
BRDA:105,20,0,0
BRDA:105,20,1,0
BRDA:107,21,0,0
BRDA:107,21,1,0
BRF:44
BRH:0
end_of_record
TN:
SF:server/dbMiddleware.ts
FN:13,(anonymous_0)
FN:36,(anonymous_1)
FN:43,(anonymous_2)
FNF:3
FNH:0
FNDA:0,(anonymous_0)
FNDA:0,(anonymous_1)
FNDA:0,(anonymous_2)
DA:13,0
DA:15,0
DA:17,0
DA:18,0
DA:19,0
DA:22,0
DA:24,0
DA:27,0
DA:30,0
DA:36,0
DA:37,0
DA:43,0
DA:45,0
DA:47,0
DA:48,0
DA:51,0
DA:52,0
LF:17
LH:0
BRDA:17,0,0,0
BRDA:17,0,1,0
BRDA:37,1,0,0
BRDA:37,1,1,0
BRDA:47,2,0,0
BRDA:47,2,1,0
BRDA:47,3,0,0
BRDA:47,3,1,0
BRDA:47,4,0,0
BRDA:47,4,1,0
BRF:10
BRH:0
end_of_record
TN:
SF:server/emailService.ts
FN:43,(anonymous_7)
FN:48,(anonymous_8)
FN:151,(anonymous_10)
FN:261,(anonymous_12)
FNF:4
FNH:0
FNDA:0,(anonymous_7)
FNDA:0,(anonymous_8)
FNDA:0,(anonymous_10)
FNDA:0,(anonymous_12)
DA:3,0
DA:4,0
DA:7,0
DA:8,0
DA:11,0
DA:12,0
DA:45,0
DA:49,0
DA:50,0
DA:52,0
DA:111,0
DA:135,0
DA:143,0
DA:144,0
DA:146,0
DA:147,0
DA:152,0
DA:153,0
DA:155,0
DA:221,0
DA:243,0
DA:251,0
DA:253,0
DA:254,0
DA:255,0
DA:257,0
DA:262,0
DA:263,0
DA:264,0
DA:267,0
DA:331,0
DA:381,0
DA:386,0
DA:388,0
DA:389,0
DA:394,0
LF:36
LH:0
BRDA:3,0,0,0
BRDA:3,0,1,0
BRDA:7,1,0,0
BRDA:7,1,1,0
BRDA:45,2,0,0
BRDA:45,2,1,0
BRDA:254,3,0,0
BRDA:254,3,1,0
BRDA:254,4,0,0
BRDA:254,4,1,0
BRDA:254,5,0,0
BRDA:254,5,1,0
BRDA:254,6,0,0
BRDA:254,6,1,0
BRDA:254,7,0,0
BRDA:254,7,1,0
BRDA:269,8,0,0
BRDA:269,8,1,0
BRDA:322,9,0,0
BRDA:322,9,1,0
BRDA:333,10,0,0
BRDA:333,10,1,0
BRF:22
BRH:0
end_of_record
TN:
SF:server/index.ts
FN:9,(anonymous_7)
FN:15,(anonymous_8)
FN:20,(anonymous_9)
FN:39,(anonymous_10)
FN:39,(anonymous_11)
FN:42,(anonymous_12)
FN:67,(anonymous_13)
FNF:7
FNH:0
FNDA:0,(anonymous_7)
FNDA:0,(anonymous_8)
FNDA:0,(anonymous_9)
FNDA:0,(anonymous_10)
FNDA:0,(anonymous_11)
FNDA:0,(anonymous_12)
FNDA:0,(anonymous_13)
DA:5,0
DA:6,0
DA:7,0
DA:9,0
DA:10,0
DA:11,0
DA:12,0
DA:14,0
DA:15,0
DA:16,0
DA:17,0
DA:20,0
DA:21,0
DA:22,0
DA:23,0
DA:24,0
DA:25,0
DA:28,0
DA:29,0
DA:32,0
DA:36,0
DA:39,0
DA:40,0
DA:42,0
DA:43,0
DA:44,0
DA:46,0
DA:47,0
DA:53,0
DA:54,0
DA:56,0
DA:62,0
DA:63,0
DA:68,0
LF:34
LH:0
BRDA:22,0,0,0
BRDA:22,0,1,0
BRDA:24,1,0,0
BRDA:24,1,1,0
BRDA:28,2,0,0
BRDA:28,2,1,0
BRDA:43,3,0,0
BRDA:43,3,1,0
BRDA:43,3,2,0
BRDA:44,4,0,0
BRDA:44,4,1,0
BRDA:53,5,0,0
BRDA:53,5,1,0
BRF:13
BRH:0
end_of_record
TN:
SF:server/regenerateWellsFargo.ts
FN:4,regenerateFormFields
FN:9,(anonymous_9)
FNF:2
FNH:0
FNDA:0,regenerateFormFields
FNDA:0,(anonymous_9)
DA:5,0
DA:6,0
DA:7,0
DA:9,0
DA:11,0
DA:12,0
DA:13,0
DA:20,0
DA:35,0
DA:36,0
DA:38,0
DA:39,0
DA:43,0
LF:13
LH:0
BRDA:26,0,0,0
BRDA:26,0,1,0
BRDA:27,1,0,0
BRDA:27,1,1,0
BRDA:28,2,0,0
BRDA:28,2,1,0
BRF:6
BRH:0
end_of_record
TN:
SF:server/wellsFargoMPA.ts
FN:25,getWellsFargoMPAForm
FNF:1
FNH:0
FNDA:0,getWellsFargoMPAForm
DA:26,0
LF:1
LH:0
BRF:0
BRH:0
end_of_record
TN:
SF:server/routes/testing.ts
FN:10,(anonymous_7)
FN:10,(anonymous_8)
FN:26,(anonymous_9)
FN:40,(anonymous_10)
FN:41,(anonymous_11)
FN:58,(anonymous_12)
FN:87,(anonymous_13)
FN:94,(anonymous_14)
FN:102,(anonymous_15)
FN:107,(anonymous_16)
FN:111,(anonymous_17)
FN:142,(anonymous_18)
FN:148,(anonymous_19)
FN:156,(anonymous_20)
FN:156,(anonymous_21)
FNF:15
FNH:0
FNDA:0,(anonymous_7)
FNDA:0,(anonymous_8)
FNDA:0,(anonymous_9)
FNDA:0,(anonymous_10)
FNDA:0,(anonymous_11)
FNDA:0,(anonymous_12)
FNDA:0,(anonymous_13)
FNDA:0,(anonymous_14)
FNDA:0,(anonymous_15)
FNDA:0,(anonymous_16)
FNDA:0,(anonymous_17)
FNDA:0,(anonymous_18)
FNDA:0,(anonymous_19)
FNDA:0,(anonymous_20)
FNDA:0,(anonymous_21)
DA:7,0
DA:10,0
DA:11,0
DA:12,0
DA:15,0
DA:23,0
DA:24,0
DA:25,0
DA:26,0
DA:28,0
DA:29,0
DA:30,0
DA:33,0
DA:34,0
DA:36,0
DA:40,0
DA:41,0
DA:46,0
DA:50,0
DA:52,0
DA:53,0
DA:58,0
DA:59,0
DA:62,0
DA:70,0
DA:71,0
DA:72,0
DA:74,0
DA:75,0
DA:77,0
DA:79,0
DA:85,0
DA:87,0
DA:88,0
DA:89,0
DA:92,0
DA:94,0
DA:95,0
DA:96,0
DA:99,0
DA:102,0
DA:103,0
DA:104,0
DA:107,0
DA:108,0
DA:110,0
DA:111,0
DA:113,0
DA:114,0
DA:115,0
DA:122,0
DA:130,0
DA:138,0
DA:142,0
DA:143,0
DA:144,0
DA:148,0
DA:149,0
DA:150,0
DA:156,0
DA:157,0
DA:158,0
DA:159,0
DA:160,0
DA:161,0
DA:164,0
DA:165,0
DA:167,0
DA:170,0
DA:171,0
DA:172,0
DA:173,0
DA:174,0
DA:176,0
DA:180,0
DA:181,0
LF:76
LH:0
BRDA:26,0,0,0
BRDA:26,0,1,0
BRDA:40,1,0,0
BRDA:40,1,1,0
BRDA:40,2,0,0
BRDA:40,2,1,0
BRDA:40,3,0,0
BRDA:40,3,1,0
BRDA:40,4,0,0
BRDA:40,4,1,0
BRDA:40,5,0,0
BRDA:40,5,1,0
BRDA:41,6,0,0
BRDA:41,6,1,0
BRDA:41,7,0,0
BRDA:41,7,1,0
BRDA:41,8,0,0
BRDA:41,8,1,0
BRDA:41,9,0,0
BRDA:41,9,1,0
BRDA:41,10,0,0
BRDA:41,10,1,0
BRDA:42,11,0,0
BRDA:42,11,1,0
BRDA:42,12,0,0
BRDA:42,12,1,0
BRDA:42,13,0,0
BRDA:42,13,1,0
BRDA:71,14,0,0
BRDA:71,14,1,0
BRDA:71,15,0,0
BRDA:71,15,1,0
BRDA:74,16,0,0
BRDA:74,16,1,0
BRDA:94,17,0,0
BRDA:94,17,1,0
BRDA:94,18,0,0
BRDA:94,18,1,0
BRDA:102,19,0,0
BRDA:102,19,1,0
BRDA:102,20,0,0
BRDA:102,20,1,0
BRDA:111,21,0,0
BRDA:111,21,1,0
BRDA:113,22,0,0
BRDA:113,22,1,0
BRDA:125,23,0,0
BRDA:125,23,1,0
BRDA:143,24,0,0
BRDA:143,24,1,0
BRDA:143,25,0,0
BRDA:143,25,1,0
BRDA:149,26,0,0
BRDA:149,26,1,0
BRDA:149,27,0,0
BRDA:149,27,1,0
BRF:56
BRH:0
end_of_record
TN:
SF:shared/schema.ts
FN:20,(anonymous_0)
FN:33,(anonymous_1)
FN:67,(anonymous_2)
FN:121,(anonymous_3)
FN:132,(anonymous_4)
FN:244,(anonymous_5)
FN:260,(anonymous_6)
FN:272,(anonymous_7)
FN:295,(anonymous_8)
FN:343,(anonymous_9)
FN:357,(anonymous_10)
FN:358,(anonymous_11)
FN:400,(anonymous_12)
FN:411,(anonymous_13)
FN:426,(anonymous_14)
FN:427,(anonymous_15)
FN:486,(anonymous_16)
FN:487,(anonymous_17)
FN:532,(anonymous_18)
FN:540,(anonymous_19)
FN:547,(anonymous_20)
FN:548,(anonymous_21)
FN:559,(anonymous_22)
FN:577,(anonymous_23)
FN:578,(anonymous_24)
FN:582,(anonymous_25)
FN:605,(anonymous_26)
FN:606,(anonymous_27)
FN:610,(anonymous_28)
FN:619,(anonymous_29)
FN:625,(anonymous_30)
FN:633,(anonymous_31)
FN:634,(anonymous_32)
FN:639,(anonymous_33)
FN:646,(anonymous_34)
FN:647,(anonymous_35)
FN:649,(anonymous_36)
FN:805,(anonymous_37)
FN:818,(anonymous_38)
FN:843,(anonymous_39)
FN:853,(anonymous_40)
FN:870,(anonymous_41)
FN:916,(anonymous_42)
FN:929,(anonymous_43)
FN:940,(anonymous_44)
FNF:45
FNH:0
FNDA:0,(anonymous_0)
FNDA:0,(anonymous_1)
FNDA:0,(anonymous_2)
FNDA:0,(anonymous_3)
FNDA:0,(anonymous_4)
FNDA:0,(anonymous_5)
FNDA:0,(anonymous_6)
FNDA:0,(anonymous_7)
FNDA:0,(anonymous_8)
FNDA:0,(anonymous_9)
FNDA:0,(anonymous_10)
FNDA:0,(anonymous_11)
FNDA:0,(anonymous_12)
FNDA:0,(anonymous_13)
FNDA:0,(anonymous_14)
FNDA:0,(anonymous_15)
FNDA:0,(anonymous_16)
FNDA:0,(anonymous_17)
FNDA:0,(anonymous_18)
FNDA:0,(anonymous_19)
FNDA:0,(anonymous_20)
FNDA:0,(anonymous_21)
FNDA:0,(anonymous_22)
FNDA:0,(anonymous_23)
FNDA:0,(anonymous_24)
FNDA:0,(anonymous_25)
FNDA:0,(anonymous_26)
FNDA:0,(anonymous_27)
FNDA:0,(anonymous_28)
FNDA:0,(anonymous_29)
FNDA:0,(anonymous_30)
FNDA:0,(anonymous_31)
FNDA:0,(anonymous_32)
FNDA:0,(anonymous_33)
FNDA:0,(anonymous_34)
FNDA:0,(anonymous_35)
FNDA:0,(anonymous_36)
FNDA:0,(anonymous_37)
FNDA:0,(anonymous_38)
FNDA:0,(anonymous_39)
FNDA:0,(anonymous_40)
FNDA:0,(anonymous_41)
FNDA:0,(anonymous_42)
FNDA:0,(anonymous_43)
FNDA:0,(anonymous_44)
DA:1,2
DA:2,2
DA:3,2
DA:5,2
DA:18,2
DA:20,0
DA:31,2
DA:33,0
DA:50,2
DA:62,2
DA:67,0
DA:79,2
DA:93,2
DA:102,2
DA:119,2
DA:121,0
DA:132,0
DA:137,2
DA:142,2
DA:147,2
DA:152,2
DA:157,2
DA:162,2
DA:205,2
DA:230,2
DA:242,2
DA:244,0
DA:253,2
DA:260,0
DA:264,2
DA:272,0
DA:278,2
DA:286,2
DA:291,2
DA:295,0
DA:301,2
DA:306,2
DA:323,2
DA:335,2
DA:341,2
DA:343,0
DA:355,2
DA:357,0
DA:358,0
DA:365,2
DA:367,2
DA:375,2
DA:382,2
DA:393,2
DA:400,0
DA:409,2
DA:411,0
DA:424,2
DA:426,0
DA:427,0
DA:438,2
DA:444,2
DA:449,2
DA:468,2
DA:484,2
DA:486,0
DA:487,0
DA:501,2
DA:518,2
DA:530,2
DA:532,0
DA:540,0
DA:545,2
DA:547,0
DA:548,0
DA:559,0
DA:564,2
DA:575,2
DA:577,0
DA:578,0
DA:582,0
DA:587,2
DA:603,2
DA:605,0
DA:606,0
DA:610,0
DA:615,2
DA:619,0
DA:625,0
DA:631,2
DA:633,0
DA:634,0
DA:639,0
DA:644,2
DA:646,0
DA:647,0
DA:649,0
DA:655,2
DA:661,2
DA:667,2
DA:673,2
DA:679,2
DA:684,2
DA:690,2
DA:696,2
DA:701,2
DA:707,2
DA:766,2
DA:805,0
DA:816,2
DA:818,0
DA:843,0
DA:851,2
DA:853,0
DA:870,0
DA:879,2
DA:880,2
DA:881,2
DA:900,2
DA:914,2
DA:916,0
DA:929,0
DA:936,2
DA:940,0
DA:949,2
DA:950,2
DA:951,2
LF:122
LH:77
BRF:0
BRH:0
end_of_record
